2025-08-03 22:40:46	INFO	runtime/proc.go:283	日志系统初始化成功
2025-08-03 22:40:46	INFO	worker/main.go:23	连接数据库成功
2025-08-03 22:40:47	INFO	worker/main.go:23	数据库迁移成功
2025-08-03 22:40:47	INFO	runtime/proc.go:283	Worker数据库连接成功
2025-08-03 22:40:47	INFO	runtime/proc.go:283	Worker已启动，正在等待任务...
2025-08-03 22:58:59	INFO	runtime/proc.go:283	日志系统初始化成功
2025-08-03 22:58:59	INFO	worker/main.go:23	连接数据库成功
2025-08-03 22:58:59	INFO	worker/main.go:23	数据库迁移成功
2025-08-03 22:58:59	INFO	runtime/proc.go:283	Worker数据库连接成功
2025-08-03 22:58:59	INFO	runtime/proc.go:283	Worker已启动，正在等待任务...
2025-08-03 23:06:57	INFO	runtime/proc.go:283	日志系统初始化成功
2025-08-03 23:06:57	INFO	worker/main.go:23	连接数据库成功
2025-08-03 23:06:57	INFO	worker/main.go:23	数据库迁移成功
2025-08-03 23:06:57	INFO	runtime/proc.go:283	Worker数据库连接成功
2025-08-03 23:06:57	INFO	runtime/proc.go:283	Worker已启动，正在等待任务...
2025-08-03 23:07:01	INFO	asynq@v0.25.1/server.go:651	即将执行任务命令	{"task_id": 8, "step_name": "subfinder_run", "command": "subfinder -d test.com -json -silent"}
2025-08-03 23:11:42	INFO	runtime/proc.go:283	日志系统初始化成功
2025-08-03 23:11:42	INFO	worker/main.go:23	连接数据库成功
2025-08-03 23:11:42	INFO	worker/main.go:23	数据库迁移成功
2025-08-03 23:11:42	INFO	runtime/proc.go:283	Worker数据库连接成功
2025-08-03 23:11:42	INFO	runtime/proc.go:283	Worker已启动，正在等待任务...
2025-08-03 23:11:45	INFO	asynq@v0.25.1/server.go:651	即将执行任务命令	{"task_id": 10, "step_name": "subfinder_run", "command": "subfinder -d test.com -json -silent"}
